# JRE version: Java(TM) SE Runtime Environment (22.0.1+8) (build 22.0.1+8-16)
# Java VM: Java HotSpot(TM) 64-Bit Server VM (22.0.1+8-16, mixed mode, sharing, tiered, compressed oops, compressed class ptrs, g1 gc, windows-amd64)
GC Precious Log:
 CardTable entry size: 512
 Card Set container configuration: InlinePtr #cards 4 size 8 Array Of Cards #cards 16 size 48 Howl #buckets 8 coarsen threshold 3686 Howl Bitmap #cards 512 size 80 coarsen threshold 460 Card regions per heap region 1 cards per card region 4096
 CPUs: 16 total, 16 available
 Memory: 16286M
 Large Page Support: Disabled
 NUMA Support: Disabled
 Compressed Oops: Enabled (Zero based)
 Heap Region Size: 2M
 Heap Min Capacity: 8M
 Heap Initial Capacity: 256M
 Heap Max Capacity: 4G
 Pre-touch: Disabled
 Parallel Workers: 13
 Concurrent Workers: 3
 Concurrent Refinement Workers: 13
 Periodic GC: Disabled
Heap:
 garbage-first heap   total reserved 4194304K, committed 954368K, used 852824K [0x0000000700000000, 0x0000000800000000)
  region size 2048K, 164 young (335872K), 9 survivors (18432K)
 Metaspace       used 164301K, committed 166144K, reserved 1245184K
  class space    used 27143K, committed 27968K, reserved 1048576K
GC Heap History (20 events):
Event: 25.352 GC heap before
{Heap before GC invocations=38 (full 0):
 garbage-first heap   total reserved 4194304K, committed 921600K, used 813565K [0x0000000700000000, 0x0000000800000000)
  region size 2048K, 270 young (552960K), 20 survivors (40960K)
 Metaspace       used 133938K, committed 135488K, reserved 1179648K
  class space    used 23184K, committed 23872K, reserved 1048576K
}
Event: 25.370 GC heap after
{Heap after GC invocations=39 (full 0):
 garbage-first heap   total reserved 4194304K, committed 921600K, used 308498K [0x0000000700000000, 0x0000000800000000)
  region size 2048K, 20 young (40960K), 20 survivors (40960K)
 Metaspace       used 133938K, committed 135488K, reserved 1179648K
  class space    used 23184K, committed 23872K, reserved 1048576K
}
Event: 25.905 GC heap before
{Heap before GC invocations=39 (full 0):
 garbage-first heap   total reserved 4194304K, committed 921600K, used 820498K [0x0000000700000000, 0x0000000800000000)
  region size 2048K, 270 young (552960K), 20 survivors (40960K)
 Metaspace       used 133949K, committed 135488K, reserved 1179648K
  class space    used 23186K, committed 23872K, reserved 1048576K
}
Event: 25.922 GC heap after
{Heap after GC invocations=40 (full 0):
 garbage-first heap   total reserved 4194304K, committed 921600K, used 314353K [0x0000000700000000, 0x0000000800000000)
  region size 2048K, 22 young (45056K), 22 survivors (45056K)
 Metaspace       used 133949K, committed 135488K, reserved 1179648K
  class space    used 23186K, committed 23872K, reserved 1048576K
}
Event: 26.253 GC heap before
{Heap before GC invocations=40 (full 0):
 garbage-first heap   total reserved 4194304K, committed 921600K, used 822257K [0x0000000700000000, 0x0000000800000000)
  region size 2048K, 270 young (552960K), 22 survivors (45056K)
 Metaspace       used 133962K, committed 135488K, reserved 1179648K
  class space    used 23189K, committed 23872K, reserved 1048576K
}
Event: 26.268 GC heap after
{Heap after GC invocations=41 (full 0):
 garbage-first heap   total reserved 4194304K, committed 921600K, used 315183K [0x0000000700000000, 0x0000000800000000)
  region size 2048K, 17 young (34816K), 17 survivors (34816K)
 Metaspace       used 133962K, committed 135488K, reserved 1179648K
  class space    used 23189K, committed 23872K, reserved 1048576K
}
Event: 29.407 GC heap before
{Heap before GC invocations=41 (full 0):
 garbage-first heap   total reserved 4194304K, committed 921600K, used 831279K [0x0000000700000000, 0x0000000800000000)
  region size 2048K, 270 young (552960K), 17 survivors (34816K)
 Metaspace       used 146114K, committed 147776K, reserved 1179648K
  class space    used 24724K, committed 25472K, reserved 1048576K
}
Event: 29.422 GC heap after
{Heap after GC invocations=42 (full 0):
 garbage-first heap   total reserved 4194304K, committed 921600K, used 322797K [0x0000000700000000, 0x0000000800000000)
  region size 2048K, 20 young (40960K), 20 survivors (40960K)
 Metaspace       used 146114K, committed 147776K, reserved 1179648K
  class space    used 24724K, committed 25472K, reserved 1048576K
}
Event: 31.705 GC heap before
{Heap before GC invocations=42 (full 0):
 garbage-first heap   total reserved 4194304K, committed 921600K, used 830701K [0x0000000700000000, 0x0000000800000000)
  region size 2048K, 269 young (550912K), 20 survivors (40960K)
 Metaspace       used 151606K, committed 153280K, reserved 1179648K
  class space    used 25528K, committed 26368K, reserved 1048576K
}
Event: 31.746 GC heap after
{Heap after GC invocations=43 (full 0):
 garbage-first heap   total reserved 4194304K, committed 927744K, used 376463K [0x0000000700000000, 0x0000000800000000)
  region size 2048K, 34 young (69632K), 34 survivors (69632K)
 Metaspace       used 151606K, committed 153280K, reserved 1179648K
  class space    used 25528K, committed 26368K, reserved 1048576K
}
Event: 32.435 GC heap before
{Heap before GC invocations=43 (full 0):
 garbage-first heap   total reserved 4194304K, committed 927744K, used 808591K [0x0000000700000000, 0x0000000800000000)
  region size 2048K, 245 young (501760K), 34 survivors (69632K)
 Metaspace       used 151798K, committed 153536K, reserved 1179648K
  class space    used 25531K, committed 26368K, reserved 1048576K
}
Event: 32.490 GC heap after
{Heap after GC invocations=44 (full 0):
 garbage-first heap   total reserved 4194304K, committed 954368K, used 452608K [0x0000000700000000, 0x0000000800000000)
  region size 2048K, 31 young (63488K), 31 survivors (63488K)
 Metaspace       used 151798K, committed 153536K, reserved 1179648K
  class space    used 25531K, committed 26368K, reserved 1048576K
}
Event: 51.374 GC heap before
{Heap before GC invocations=45 (full 0):
 garbage-first heap   total reserved 4194304K, committed 954368K, used 841728K [0x0000000700000000, 0x0000000800000000)
  region size 2048K, 221 young (452608K), 31 survivors (63488K)
 Metaspace       used 156869K, committed 158720K, reserved 1245184K
  class space    used 26122K, committed 26944K, reserved 1048576K
}
Event: 51.409 GC heap after
{Heap after GC invocations=46 (full 0):
 garbage-first heap   total reserved 4194304K, committed 954368K, used 497550K [0x0000000700000000, 0x0000000800000000)
  region size 2048K, 20 young (40960K), 20 survivors (40960K)
 Metaspace       used 156869K, committed 158720K, reserved 1245184K
  class space    used 26122K, committed 26944K, reserved 1048576K
}
Event: 106.784 GC heap before
{Heap before GC invocations=46 (full 0):
 garbage-first heap   total reserved 4194304K, committed 954368K, used 849806K [0x0000000700000000, 0x0000000800000000)
  region size 2048K, 193 young (395264K), 20 survivors (40960K)
 Metaspace       used 161951K, committed 163776K, reserved 1245184K
  class space    used 26946K, committed 27776K, reserved 1048576K
}
Event: 106.828 GC heap after
{Heap after GC invocations=47 (full 0):
 garbage-first heap   total reserved 4194304K, committed 954368K, used 497888K [0x0000000700000000, 0x0000000800000000)
  region size 2048K, 5 young (10240K), 5 survivors (10240K)
 Metaspace       used 161951K, committed 163776K, reserved 1245184K
  class space    used 26946K, committed 27776K, reserved 1048576K
}
Event: 109.823 GC heap before
{Heap before GC invocations=47 (full 0):
 garbage-first heap   total reserved 4194304K, committed 954368K, used 862432K [0x0000000700000000, 0x0000000800000000)
  region size 2048K, 184 young (376832K), 5 survivors (10240K)
 Metaspace       used 163794K, committed 165632K, reserved 1245184K
  class space    used 27117K, committed 27968K, reserved 1048576K
}
Event: 109.841 GC heap after
{Heap after GC invocations=48 (full 0):
 garbage-first heap   total reserved 4194304K, committed 954368K, used 523659K [0x0000000700000000, 0x0000000800000000)
  region size 2048K, 18 young (36864K), 18 survivors (36864K)
 Metaspace       used 163794K, committed 165632K, reserved 1245184K
  class space    used 27117K, committed 27968K, reserved 1048576K
}
Event: 112.424 GC heap before
{Heap before GC invocations=49 (full 0):
 garbage-first heap   total reserved 4194304K, committed 954368K, used 863627K [0x0000000700000000, 0x0000000800000000)
  region size 2048K, 185 young (378880K), 18 survivors (36864K)
 Metaspace       used 164148K, committed 166016K, reserved 1245184K
  class space    used 27137K, committed 27968K, reserved 1048576K
}
Event: 112.455 GC heap after
{Heap after GC invocations=50 (full 0):
 garbage-first heap   total reserved 4194304K, committed 954368K, used 539480K [0x0000000700000000, 0x0000000800000000)
  region size 2048K, 9 young (18432K), 9 survivors (18432K)
 Metaspace       used 164148K, committed 166016K, reserved 1245184K
  class space    used 27137K, committed 27968K, reserved 1048576K
}

